2017-07-15 18:54:22,951 INFO  [Log] Admin log in page loaded. 
2017-07-15 18:54:25,011 INFO  [Log] Logged in as: dev@powershop.co.nz 
2017-07-15 18:54:45,101 INFO  [Log] **************************************************************************************** 
2017-07-15 18:54:45,102 INFO  [Log] **************************************************************************************** 
2017-07-15 18:54:45,103 INFO  [Log] $$$$$$$$$$$$$$$$$$$$$                 Switching Process.       $$$$$$$$$$$$$$$$$$$$$$$$$ 
2017-07-15 18:54:45,103 INFO  [Log] **************************************************************************************** 
2017-07-15 18:54:45,103 INFO  [Log] **************************************************************************************** 
2017-07-15 18:55:34,337 INFO  [Log] XXXXXXXXXXXXXXXXXXXXXXX             -E---N---D-             XXXXXXXXXXXXXXXXXXXXXX 
2017-07-15 18:55:34,337 INFO  [Log] X 
2017-07-15 18:55:34,337 INFO  [Log] X 
2017-07-15 18:55:34,337 INFO  [Log] X 
2017-07-15 18:55:34,337 INFO  [Log] X 
2017-07-15 18:55:34,340 INFO  [Log] **************************************************************************************** 
2017-07-15 18:55:34,340 INFO  [Log] **************************************************************************************** 
2017-07-15 18:55:34,340 INFO  [Log] $$$$$$$$$$$$$$$$$$$$$                 Verify Switched Customer.       $$$$$$$$$$$$$$$$$$$$$$$$$ 
2017-07-15 18:55:34,340 INFO  [Log] **************************************************************************************** 
2017-07-15 18:55:34,340 INFO  [Log] **************************************************************************************** 
2017-07-15 18:57:36,657 INFO  [Log] XXXXXXXXXXXXXXXXXXXXXXX             -E---N---D-             XXXXXXXXXXXXXXXXXXXXXX 
2017-07-15 18:57:36,657 INFO  [Log] X 
2017-07-15 18:57:36,658 INFO  [Log] X 
2017-07-15 18:57:36,658 INFO  [Log] X 
2017-07-15 18:57:36,658 INFO  [Log] X 
2017-07-15 19:41:57,017 INFO  [Log] Admin log in page loaded. 
2017-07-15 19:41:59,533 INFO  [Log] Logged in as: dev@powershop.co.nz 
2017-07-15 19:42:44,759 INFO  [Log] **************************************************************************************** 
2017-07-15 19:42:44,759 INFO  [Log] **************************************************************************************** 
2017-07-15 19:42:44,759 INFO  [Log] $$$$$$$$$$$$$$$$$$$$$                 Switching Process.       $$$$$$$$$$$$$$$$$$$$$$$$$ 
2017-07-15 19:42:44,759 INFO  [Log] **************************************************************************************** 
2017-07-15 19:42:44,759 INFO  [Log] **************************************************************************************** 
2017-07-15 19:43:32,313 INFO  [Log] XXXXXXXXXXXXXXXXXXXXXXX             -E---N---D-             XXXXXXXXXXXXXXXXXXXXXX 
2017-07-15 19:43:32,313 INFO  [Log] X 
2017-07-15 19:43:32,313 INFO  [Log] X 
2017-07-15 19:43:32,313 INFO  [Log] X 
2017-07-15 19:43:32,313 INFO  [Log] X 
2017-07-15 19:43:32,316 INFO  [Log] **************************************************************************************** 
2017-07-15 19:43:32,317 INFO  [Log] **************************************************************************************** 
2017-07-15 19:43:32,317 INFO  [Log] $$$$$$$$$$$$$$$$$$$$$                 Verify Switched Customer.       $$$$$$$$$$$$$$$$$$$$$$$$$ 
2017-07-15 19:43:32,317 INFO  [Log] **************************************************************************************** 
2017-07-15 19:43:32,317 INFO  [Log] **************************************************************************************** 
2017-07-15 19:45:34,547 INFO  [Log] XXXXXXXXXXXXXXXXXXXXXXX             -E---N---D-             XXXXXXXXXXXXXXXXXXXXXX 
2017-07-15 19:45:34,547 INFO  [Log] X 
2017-07-15 19:45:34,548 INFO  [Log] X 
2017-07-15 19:45:34,548 INFO  [Log] X 
2017-07-15 19:45:34,548 INFO  [Log] X 
2017-07-15 22:52:23,102 INFO  [Log] Admin log in page loaded. 
2017-07-15 22:52:25,524 INFO  [Log] Logged in as: dev@powershop.co.nz 
2017-07-15 23:01:07,849 INFO  [Log] Admin log in page loaded. 
2017-07-15 23:01:09,139 INFO  [Log] Logged in as: dev@powershop.co.nz 
2017-07-15 23:01:14,467 INFO  [Log] Admin log in page loaded. 
2017-07-15 23:01:17,087 INFO  [Log] Logged in as: dev@powershop.co.nz 
2017-07-15 23:04:38,215 INFO  [Log] Admin log in page loaded. 
2017-07-15 23:04:41,193 INFO  [Log] Logged in as: dev@powershop.co.nz 
2017-07-15 23:04:42,344 INFO  [Log] Admin log in page loaded. 
2017-07-15 23:04:43,570 INFO  [Log] Logged in as: dev@powershop.co.nz 
2017-07-15 23:05:03,540 INFO  [Log] Admin log in page loaded. 
2017-07-15 23:05:06,102 INFO  [Log] Logged in as: dev@powershop.co.nz 
2017-07-15 23:05:06,985 INFO  [Log] Admin log in page loaded. 
2017-07-15 23:05:08,247 INFO  [Log] Logged in as: dev@powershop.co.nz 
2017-07-16 11:45:07,745 INFO  [Log] Admin log in page loaded. 
2017-07-16 11:45:10,937 INFO  [Log] Admin log in page loaded. 
2017-07-16 11:45:10,964 INFO  [Log] Logged in as: dev@powershop.co.nz 
2017-07-16 11:45:12,242 INFO  [Log] Logged in as: dev@powershop.co.nz 
2017-07-16 11:54:40,565 INFO  [Log] Admin log in page loaded. 
2017-07-16 11:54:43,009 INFO  [Log] Admin log in page loaded. 
2017-07-16 11:58:14,489 INFO  [Log] Admin log in page loaded. 
2017-07-16 11:58:17,442 INFO  [Log] Admin log in page loaded. 
2017-07-16 13:18:17,049 INFO  [Log] Admin log in page loaded. 
2017-07-16 13:18:19,242 INFO  [Log] Admin log in page loaded. 
2017-07-16 13:25:44,305 INFO  [Log] Admin log in page loaded. 
2017-07-16 13:25:46,778 INFO  [Log] Admin log in page loaded. 
2017-07-16 16:46:03,777 INFO  [Log] Admin log in page loaded. 
2017-07-16 16:46:07,379 INFO  [Log] Admin log in page loaded. 
2017-07-16 16:47:01,868 INFO  [Log] Admin log in page loaded. 
2017-07-16 16:47:05,340 INFO  [Log] Admin log in page loaded. 
2017-07-16 19:17:18,359 INFO  [Log] Admin log in page loaded. 
2017-07-16 19:17:20,799 INFO  [Log] Logged in as: dev@powershop.co.nz 
2017-07-16 20:22:15,227 INFO  [Log] Admin log in page loaded. 
2017-07-16 20:22:18,434 INFO  [Log] Logged in as: dev@powershop.co.nz 
2017-07-16 20:27:16,515 INFO  [Log] Admin log in page loaded. 
2017-07-16 20:27:19,580 INFO  [Log] Logged in as: dev@powershop.co.nz 
2017-07-16 20:32:02,310 INFO  [Log] Admin log in page loaded. 
2017-07-16 20:32:05,562 INFO  [Log] Logged in as: dev@powershop.co.nz 
2017-07-16 20:32:22,030 INFO  [Log] **************************************************************************************** 
2017-07-16 20:32:22,032 INFO  [Log] **************************************************************************************** 
2017-07-16 20:32:22,032 INFO  [Log] $$$$$$$$$$$$$$$$$$$$$                 Switching Process.       $$$$$$$$$$$$$$$$$$$$$$$$$ 
2017-07-16 20:32:22,032 INFO  [Log] **************************************************************************************** 
2017-07-16 20:32:22,032 INFO  [Log] **************************************************************************************** 
2017-07-16 20:33:19,764 INFO  [Log] XXXXXXXXXXXXXXXXXXXXXXX             -E---N---D-             XXXXXXXXXXXXXXXXXXXXXX 
2017-07-16 20:33:19,764 INFO  [Log] X 
2017-07-16 20:33:19,764 INFO  [Log] X 
2017-07-16 20:33:19,765 INFO  [Log] X 
2017-07-16 20:33:19,765 INFO  [Log] X 
2017-07-16 20:33:19,765 INFO  [Log] **************************************************************************************** 
2017-07-16 20:33:19,765 INFO  [Log] **************************************************************************************** 
2017-07-16 20:33:19,765 INFO  [Log] $$$$$$$$$$$$$$$$$$$$$                 Verify Switched Customer.       $$$$$$$$$$$$$$$$$$$$$$$$$ 
2017-07-16 20:33:19,765 INFO  [Log] **************************************************************************************** 
2017-07-16 20:33:19,765 INFO  [Log] **************************************************************************************** 
2017-07-16 22:30:15,446 INFO  [Log] Admin log in page loaded. 
2017-07-16 22:30:19,038 INFO  [Log] Logged in as: dev@powershop.co.nz 
2017-07-16 22:47:24,943 INFO  [Log] Admin log in page loaded. 
2017-07-16 22:47:27,586 INFO  [Log] Logged in as: dev@powershop.co.nz 
2017-07-16 22:51:38,383 INFO  [Log] Admin log in page loaded. 
2017-07-16 22:51:41,223 INFO  [Log] Logged in as: dev@powershop.co.nz 
2017-07-16 22:52:49,613 INFO  [Log] Admin log in page loaded. 
2017-07-16 22:52:52,566 INFO  [Log] Logged in as: dev@powershop.co.nz 
2017-07-20 16:51:04,543 INFO  [Log] Admin log in page loaded. 
2017-07-20 16:51:06,228 INFO  [Log] Logged in as: dev@powershop.co.nz 
2017-07-20 17:02:53,283 INFO  [Log] Admin log in page loaded. 
2017-07-20 17:03:07,256 INFO  [Log] Logged in as: dev@powershop.co.nz 
2017-07-20 23:08:32,130 INFO  [Log] Admin log in page loaded. 
2017-07-20 23:09:11,916 INFO  [Log] Admin log in page loaded. 
2017-07-20 23:09:14,579 INFO  [Log] Logged in as: dev@powershop.co.nz 
2017-07-20 23:13:05,068 INFO  [Log] Admin log in page loaded. 
2017-07-20 23:13:07,900 INFO  [Log] Logged in as: dev@powershop.co.nz 
2017-07-21 11:22:18,811 INFO  [Log] Admin log in page loaded. 
2017-07-21 11:22:20,947 INFO  [Log] Logged in as: dev@powershop.co.nz 
2017-07-21 11:28:10,956 INFO  [Log] Admin log in page loaded. 
2017-07-21 11:28:12,653 INFO  [Log] Logged in as: dev@powershop.co.nz 
2017-07-21 13:36:00,110 INFO  [Log] Admin log in page loaded. 
2017-07-21 13:36:01,642 INFO  [Log] Logged in as: dev@powershop.co.nz 
2017-07-21 14:06:01,614 INFO  [Log] Admin log in page loaded. 
2017-07-21 14:06:03,408 INFO  [Log] Logged in as: dev@powershop.co.nz 
2017-07-21 14:16:01,625 INFO  [Log] Admin log in page loaded. 
2017-07-21 14:16:03,866 INFO  [Log] Logged in as: dev@powershop.co.nz 
2017-07-21 14:16:41,971 INFO  [Log] Admin log in page loaded. 
2017-07-21 14:16:43,596 INFO  [Log] Logged in as: dev@powershop.co.nz 
2017-07-21 14:21:29,501 INFO  [Log] Admin log in page loaded. 
2017-07-21 14:21:31,146 INFO  [Log] Logged in as: dev@powershop.co.nz 
2017-07-21 14:37:39,900 INFO  [Log] Admin log in page loaded. 
2017-07-21 14:37:41,531 INFO  [Log] Logged in as: dev@powershop.co.nz 
2017-07-21 14:42:18,653 INFO  [Log] Admin log in page loaded. 
2017-07-21 14:42:20,137 INFO  [Log] Logged in as: dev@powershop.co.nz 
2017-07-21 14:43:32,872 INFO  [Log] Admin log in page loaded. 
2017-07-21 14:43:34,553 INFO  [Log] Logged in as: dev@powershop.co.nz 
2017-07-21 14:45:08,281 INFO  [Log] Admin log in page loaded. 
2017-07-21 14:45:10,081 INFO  [Log] Logged in as: dev@powershop.co.nz 
2017-07-21 14:49:57,931 INFO  [Log] Admin log in page loaded. 
2017-07-21 14:49:59,677 INFO  [Log] Logged in as: dev@powershop.co.nz 
2017-07-21 14:59:47,726 INFO  [Log] Admin log in page loaded. 
2017-07-21 14:59:50,498 INFO  [Log] Logged in as: dev@powershop.co.nz 
2017-07-21 15:01:49,861 INFO  [Log] Admin log in page loaded. 
2017-07-21 15:01:51,929 INFO  [Log] Logged in as: dev@powershop.co.nz 
2017-07-21 15:13:11,425 INFO  [Log] Admin log in page loaded. 
2017-07-21 15:13:14,144 INFO  [Log] Logged in as: dev@powershop.co.nz 
2017-07-21 16:57:40,006 INFO  [Log] Admin log in page loaded. 
2017-07-21 16:57:41,807 INFO  [Log] Logged in as: dev@powershop.co.nz 
2017-07-21 20:10:30,750 INFO  [Log] Admin log in page loaded. 
2017-07-21 20:10:32,662 INFO  [Log] Logged in as: dev@powershop.co.nz 
2017-07-21 20:11:17,100 INFO  [Log] Admin log in page loaded. 
2017-07-21 20:11:19,045 INFO  [Log] Logged in as: dev@powershop.co.nz 
2017-07-21 20:32:47,661 INFO  [Log] Admin log in page loaded. 
2017-07-21 20:32:49,661 INFO  [Log] Logged in as: dev@powershop.co.nz 
2017-07-21 20:34:12,957 INFO  [Log] Admin log in page loaded. 
2017-07-21 20:34:14,947 INFO  [Log] Logged in as: dev@powershop.co.nz 
2017-07-21 20:35:35,489 INFO  [Log] Admin log in page loaded. 
2017-07-21 20:35:37,558 INFO  [Log] Logged in as: dev@powershop.co.nz 
2017-07-21 20:37:49,988 INFO  [Log] Admin log in page loaded. 
2017-07-21 20:37:51,835 INFO  [Log] Logged in as: dev@powershop.co.nz 
2017-07-21 20:42:34,403 INFO  [Log] Admin log in page loaded. 
2017-07-21 20:42:36,355 INFO  [Log] Logged in as: dev@powershop.co.nz 
2017-07-21 21:05:09,579 INFO  [Log] Admin log in page loaded. 
2017-07-21 21:05:11,480 INFO  [Log] Logged in as: dev@powershop.co.nz 
2017-07-21 21:55:15,754 INFO  [Log] Admin log in page loaded. 
2017-07-21 21:55:17,666 INFO  [Log] Logged in as: dev@powershop.co.nz 
2017-07-21 21:57:57,217 INFO  [Log] Admin log in page loaded. 
2017-07-21 21:57:59,511 INFO  [Log] Logged in as: dev@powershop.co.nz 
2017-07-21 22:07:25,739 INFO  [Log] Admin log in page loaded. 
2017-07-21 22:07:27,757 INFO  [Log] Logged in as: dev@powershop.co.nz 
2017-07-21 22:10:23,579 INFO  [Log] Admin log in page loaded. 
2017-07-21 22:10:25,393 INFO  [Log] Logged in as: dev@powershop.co.nz 
2017-07-21 22:11:16,791 INFO  [Log] Admin log in page loaded. 
2017-07-21 22:11:18,545 INFO  [Log] Logged in as: dev@powershop.co.nz 
2017-07-21 22:16:28,058 INFO  [Log] Admin log in page loaded. 
2017-07-21 22:16:30,010 INFO  [Log] Logged in as: dev@powershop.co.nz 
2017-07-21 22:23:34,407 INFO  [Log] Admin log in page loaded. 
2017-07-21 22:23:36,345 INFO  [Log] Logged in as: dev@powershop.co.nz 
2017-07-21 22:30:21,515 INFO  [Log] Admin log in page loaded. 
2017-07-21 22:30:23,338 INFO  [Log] Logged in as: dev@powershop.co.nz 
2017-07-21 22:33:08,615 INFO  [Log] Admin log in page loaded. 
2017-07-21 22:33:10,789 INFO  [Log] Logged in as: dev@powershop.co.nz 
2017-07-21 22:42:10,839 INFO  [Log] Admin log in page loaded. 
2017-07-21 22:42:13,484 INFO  [Log] Logged in as: dev@powershop.co.nz 
2017-07-21 22:47:03,865 INFO  [Log] Admin log in page loaded. 
2017-07-21 22:47:05,688 INFO  [Log] Logged in as: dev@powershop.co.nz 
2017-07-21 22:47:30,490 INFO  [Log] Admin log in page loaded. 
2017-07-21 22:47:56,511 INFO  [Log] Admin log in page loaded. 
2017-07-21 22:47:58,202 INFO  [Log] Logged in as: dev@powershop.co.nz 
2017-07-21 22:52:07,500 INFO  [Log] Admin log in page loaded. 
2017-07-21 22:52:09,375 INFO  [Log] Logged in as: dev@powershop.co.nz 
2017-07-21 22:53:47,724 INFO  [Log] Admin log in page loaded. 
2017-07-21 22:53:49,614 INFO  [Log] Logged in as: dev@powershop.co.nz 
2017-07-21 22:58:57,687 INFO  [Log] Admin log in page loaded. 
2017-07-21 22:58:59,521 INFO  [Log] Logged in as: dev@powershop.co.nz 
2017-07-21 23:01:40,266 INFO  [Log] Admin log in page loaded. 
2017-07-21 23:01:42,110 INFO  [Log] Logged in as: dev@powershop.co.nz 
2017-07-21 23:05:05,816 INFO  [Log] Admin log in page loaded. 
2017-07-21 23:05:07,657 INFO  [Log] Logged in as: dev@powershop.co.nz 
2017-07-21 23:07:00,454 INFO  [Log] Admin log in page loaded. 
2017-07-21 23:07:02,191 INFO  [Log] Logged in as: dev@powershop.co.nz 
2017-07-22 10:57:00,682 INFO  [Log] Admin log in page loaded. 
2017-07-22 10:57:03,355 INFO  [Log] Logged in as: dev@powershop.co.nz 
2017-07-22 10:58:49,384 INFO  [Log] Admin log in page loaded. 
2017-07-22 10:58:51,464 INFO  [Log] Logged in as: dev@powershop.co.nz 
2017-07-22 11:01:21,327 INFO  [Log] Admin log in page loaded. 
2017-07-22 11:01:23,181 INFO  [Log] Logged in as: dev@powershop.co.nz 
2017-07-22 11:04:43,207 INFO  [Log] Admin log in page loaded. 
2017-07-22 11:04:45,111 INFO  [Log] Logged in as: dev@powershop.co.nz 
2017-07-22 13:56:23,073 INFO  [Log] Admin log in page loaded. 
2017-07-22 13:56:25,612 INFO  [Log] Logged in as: dev@powershop.co.nz 
2017-07-22 15:53:10,240 INFO  [Log] Admin log in page loaded. 
2017-07-22 15:53:12,106 INFO  [Log] Logged in as: dev@powershop.co.nz 
2017-07-22 16:05:46,101 INFO  [Log] Admin log in page loaded. 
2017-07-22 16:05:47,948 INFO  [Log] Logged in as: dev@powershop.co.nz 
2017-07-22 16:10:44,345 INFO  [Log] Admin log in page loaded. 
2017-07-22 16:10:46,381 INFO  [Log] Logged in as: dev@powershop.co.nz 
2017-07-22 16:15:18,399 INFO  [Log] Admin log in page loaded. 
2017-07-22 16:15:20,268 INFO  [Log] Logged in as: dev@powershop.co.nz 
2017-07-22 16:18:10,276 INFO  [Log] Admin log in page loaded. 
2017-07-22 16:18:12,359 INFO  [Log] Logged in as: dev@powershop.co.nz 
2017-07-22 16:23:29,134 INFO  [Log] Admin log in page loaded. 
2017-07-22 16:23:30,937 INFO  [Log] Logged in as: dev@powershop.co.nz 
2017-07-23 18:16:31,641 INFO  [Log] Admin log in page loaded. 
2017-07-23 18:16:33,524 INFO  [Log] Logged in as: dev@powershop.co.nz 
